<?xml version="1.0" encoding="UTF-8"?>
<!-- Generated by org.testng.reporters.JUnitXMLReporter -->
<testsuite hostname="GYANESH-PC" ignored="0" name="Default test(failed)" tests="1" failures="1" timestamp="19 Mar 2019 13:56:07 GMT" time="16.429" errors="0">
  <testcase name="loginTest" time="1.762" classname="com.freeCRM.ScreenshotFailed">
    <failure type="java.lang.AssertionError" message="expected [CRMPRO] but found [CRMPRO - CRM software for customer relationship management, sales, and support.]">
      <![CDATA[java.lang.AssertionError: expected [CRMPRO] but found [CRMPRO - CRM software for customer relationship management, sales, and support.]
	at com.freeCRM.ScreenshotFailed.loginTest(ScreenshotFailed.java:40)
... Removed 31 stack frames]]>
    </failure>
  </testcase> <!-- loginTest -->
</testsuite> <!-- Default test(failed) -->
