<?xml version="1.0" encoding="UTF-8"?>
<!-- Generated by org.testng.reporters.JUnitXMLReporter -->
<testsuite hostname="GYANESH-PC" ignored="0" name="Test" tests="3" failures="0" timestamp="16 Mar 2019 07:45:22 GMT" time="73.808" errors="0">
  <testcase name="loginTest" time="16.948" classname="com.freeCRM.FreeCrmLoginTest"/>
  <testcase name="crmLogoTest" time="0.049" classname="com.freeCRM.FreeCrmLoginTest"/>
  <testcase name="loginPageTitleTest" time="0.011" classname="com.freeCRM.FreeCrmLoginTest"/>
</testsuite> <!-- Test -->
