<?xml version="1.0" encoding="UTF-8"?>
<testng-results skipped="0" failed="0" ignored="0" total="1" passed="1">
  <reporter-output>
  </reporter-output>
  <suite name="Default suite" duration-ms="784" started-at="2019-04-04T19:43:44Z" finished-at="2019-04-04T19:43:45Z">
    <groups>
    </groups>
    <test name="Default test" duration-ms="784" started-at="2019-04-04T19:43:44Z" finished-at="2019-04-04T19:43:45Z">
      <class name="com.freeCRM.ExtentReportDemo">
        <test-method status="PASS" signature="loginTest()[pri:0, instance:com.freeCRM.ExtentReportDemo@3bfdc050]" name="loginTest" duration-ms="749" started-at="2019-04-05T01:13:44Z" finished-at="2019-04-05T01:13:45Z">
          <reporter-output>
          </reporter-output>
        </test-method> <!-- loginTest -->
      </class> <!-- com.freeCRM.ExtentReportDemo -->
    </test> <!-- Default test -->
  </suite> <!-- Default suite -->
</testng-results>
